<?xml version="1.0" encoding="UTF-8"?>
<!-- Generated by org.testng.reporters.JUnitReportReporter -->
<testsuite hostname="Xhulio" name="com.icompete.dao.SportDaoTest" tests="3" failures="0" timestamp="26 Oct 2016 17:06:26 GMT" time="0.064" errors="0">
  <testcase name="testUpdate" time="0.024" classname="com.icompete.dao.SportDaoTest"/>
  <testcase name="testCreateAndFind" time="0.023" classname="com.icompete.dao.SportDaoTest"/>
  <testcase name="testDelete" time="0.017" classname="com.icompete.dao.SportDaoTest"/>
</testsuite> <!-- com.icompete.dao.SportDaoTest -->
