<?xml version="1.0" encoding="UTF-8"?>
<!-- Generated by org.testng.reporters.JUnitReportReporter -->
<testsuite hostname="Xhulio" name="com.icompete.dao.RuleDaoTest" tests="4" failures="0" timestamp="26 Oct 2016 17:06:26 GMT" time="0.085" errors="0">
  <testcase name="testCreateAndFind" time="0.024" classname="com.icompete.dao.RuleDaoTest"/>
  <testcase name="testDelete" time="0.018" classname="com.icompete.dao.RuleDaoTest"/>
  <testcase name="testUpdate" time="0.030" classname="com.icompete.dao.RuleDaoTest"/>
  <testcase name="testEventInsertion" time="0.013" classname="com.icompete.dao.RuleDaoTest"/>
</testsuite> <!-- com.icompete.dao.RuleDaoTest -->
