<?xml version="1.0" encoding="UTF-8"?>
<!-- Generated by org.testng.reporters.JUnitReportReporter -->
<testsuite hostname="Xhulio" name="com.icompete.dao.EventDaoTest" tests="4" failures="0" timestamp="26 Oct 2016 17:06:26 GMT" time="0.348" errors="0">
  <testcase name="testDelete" time="0.035" classname="com.icompete.dao.EventDaoTest"/>
  <testcase name="testUpdate" time="0.034" classname="com.icompete.dao.EventDaoTest"/>
  <testcase name="testCreateAndFind" time="0.263" classname="com.icompete.dao.EventDaoTest"/>
  <testcase name="testRuleInsertion" time="0.016" classname="com.icompete.dao.EventDaoTest"/>
</testsuite> <!-- com.icompete.dao.EventDaoTest -->
